[    0.000000] Initializing cgroup subsys cpuset
[    0.000000] Initializing cgroup subsys cpu
[    0.000000] Initializing cgroup subsys cpuacct
[    0.000000] Linux version 4.4.0-146-generic (buildd@lcy01-amd64-025) (gcc version 5.4.0 20160609 (Ubuntu 5.4.0-6ubuntu1~16.04.10) ) #172-Ubuntu SMP Wed Apr 3 09:00:08 UTC 2019 (Ubuntu 4.4.0-146.172-generic 4.4.177)
[    0.000000] Command line: BOOT_IMAGE=/boot/vmlinuz-4.4.0-146-generic root=LABEL=cloudimg-rootfs ro console=tty1 console=ttyS0
[    0.000000] KERNEL supported cpus:
[    0.000000]   Intel GenuineIntel
[    0.000000]   AMD AuthenticAMD
[    0.000000]   Centaur CentaurHauls
[    0.000000] x86/fpu: xstate_offset[2]:  576, xstate_sizes[2]:  256
[    0.000000] x86/fpu: Supporting XSAVE feature 0x01: 'x87 floating point registers'
[    0.000000] x86/fpu: Supporting XSAVE feature 0x02: 'SSE registers'
[    0.000000] x86/fpu: Supporting XSAVE feature 0x04: 'AVX registers'
[    0.000000] x86/fpu: Enabled xstate features 0x7, context size is 832 bytes, using 'standard' format.
[    0.000000] e820: BIOS-provided physical RAM map:
[    0.000000] BIOS-e820: [mem 0x0000000000000000-0x000000000009fbff] usable
[    0.000000] BIOS-e820: [mem 0x000000000009fc00-0x000000000009ffff] reserved
[    0.000000] BIOS-e820: [mem 0x00000000000f0000-0x00000000000fffff] reserved
[    0.000000] BIOS-e820: [mem 0x0000000000100000-0x000000003ffeffff] usable
[    0.000000] BIOS-e820: [mem 0x000000003fff0000-0x000000003fffffff] ACPI data
[    0.000000] BIOS-e820: [mem 0x00000000fec00000-0x00000000fec00fff] reserved
[    0.000000] BIOS-e820: [mem 0x00000000fee00000-0x00000000fee00fff] reserved
[    0.000000] BIOS-e820: [mem 0x00000000fffc0000-0x00000000ffffffff] reserved
[    0.000000] NX (Execute Disable) protection: active
[    0.000000] SMBIOS 2.5 present.
[    0.000000] Hypervisor detected: KVM
[    0.000000] e820: last_pfn = 0x3fff0 max_arch_pfn = 0x400000000
[    0.000000] MTRR: Disabled
[    0.000000] x86/PAT: MTRRs disabled, skipping PAT initialization too.
[    0.000000] CPU MTRRs all blank - virtualized system.
[    0.000000] x86/PAT: Configuration [0-7]: WB  WT  UC- UC  WB  WT  UC- UC  
[    0.000000] found SMP MP-table at [mem 0x0009fff0-0x0009ffff] mapped at [ffff88000009fff0]
[    0.000000] Scanning 1 areas for low memory corruption
[    0.000000] RAMDISK: [mem 0x362fc000-0x37175fff]
[    0.000000] ACPI: Early table checksum verification disabled
[    0.000000] ACPI: RSDP 0x00000000000E0000 000024 (v02 VBOX  )
[    0.000000] ACPI: XSDT 0x000000003FFF0030 00003C (v01 VBOX   VBOXXSDT 00000001 ASL  00000061)
[    0.000000] ACPI: FACP 0x000000003FFF00F0 0000F4 (v04 VBOX   VBOXFACP 00000001 ASL  00000061)
[    0.000000] ACPI: DSDT 0x000000003FFF0470 0022EA (v02 VBOX   VBOXBIOS 00000002 INTL 20100528)
[    0.000000] ACPI: FACS 0x000000003FFF0200 000040
[    0.000000] ACPI: FACS 0x000000003FFF0200 000040
[    0.000000] ACPI: APIC 0x000000003FFF0240 00005C (v02 VBOX   VBOXAPIC 00000001 ASL  00000061)
[    0.000000] ACPI: SSDT 0x000000003FFF02A0 0001CC (v01 VBOX   VBOXCPUT 00000002 INTL 20100528)
[    0.000000] No NUMA configuration found
[    0.000000] Faking a node at [mem 0x0000000000000000-0x000000003ffeffff]
[    0.000000] NODE_DATA(0) allocated [mem 0x3ffeb000-0x3ffeffff]
[    0.000000] kvm-clock: Using msrs 4b564d01 and 4b564d00
[    0.000000] kvm-clock: cpu 0, msr 0:3ffe3001, primary cpu clock
[    0.000000] kvm-clock: using sched offset of 4402935170 cycles
[    0.000000] clocksource: kvm-clock: mask: 0xffffffffffffffff max_cycles: 0x1cd42e4dffb, max_idle_ns: 881590591483 ns
[    0.000000] Zone ranges:
[    0.000000]   DMA      [mem 0x0000000000001000-0x0000000000ffffff]
[    0.000000]   DMA32    [mem 0x0000000001000000-0x000000003ffeffff]
[    0.000000]   Normal   empty
[    0.000000]   Device   empty
[    0.000000] Movable zone start for each node
[    0.000000] Early memory node ranges
[    0.000000]   node   0: [mem 0x0000000000001000-0x000000000009efff]
[    0.000000]   node   0: [mem 0x0000000000100000-0x000000003ffeffff]
[    0.000000] Initmem setup node 0 [mem 0x0000000000001000-0x000000003ffeffff]
[    0.000000] ACPI: PM-Timer IO Port: 0x4008
[    0.000000] IOAPIC[0]: apic_id 2, version 32, address 0xfec00000, GSI 0-23
[    0.000000] ACPI: INT_SRC_OVR (bus 0 bus_irq 0 global_irq 2 dfl dfl)
[    0.000000] ACPI: INT_SRC_OVR (bus 0 bus_irq 9 global_irq 9 low level)
[    0.000000] Using ACPI (MADT) for SMP configuration information
[    0.000000] smpboot: Allowing 2 CPUs, 0 hotplug CPUs
[    0.000000] PM: Registered nosave memory: [mem 0x00000000-0x00000fff]
[    0.000000] PM: Registered nosave memory: [mem 0x0009f000-0x0009ffff]
[    0.000000] PM: Registered nosave memory: [mem 0x000a0000-0x000effff]
[    0.000000] PM: Registered nosave memory: [mem 0x000f0000-0x000fffff]
[    0.000000] e820: [mem 0x40000000-0xfebfffff] available for PCI devices
[    0.000000] Booting paravirtualized kernel on KVM
[    0.000000] clocksource: refined-jiffies: mask: 0xffffffff max_cycles: 0xffffffff, max_idle_ns: 7645519600211568 ns
[    0.000000] setup_percpu: NR_CPUS:512 nr_cpumask_bits:512 nr_cpu_ids:2 nr_node_ids:1
[    0.000000] PERCPU: Embedded 34 pages/cpu @ffff88003fc00000 s99480 r8192 d31592 u1048576
[    0.000000] Built 1 zonelists in Node order, mobility grouping on.  Total pages: 257912
[    0.000000] Policy zone: DMA32
[    0.000000] Kernel command line: BOOT_IMAGE=/boot/vmlinuz-4.4.0-146-generic root=LABEL=cloudimg-rootfs ro console=tty1 console=ttyS0
[    0.000000] PID hash table entries: 4096 (order: 3, 32768 bytes)
[    0.000000] Memory: 997736K/1048120K available (8609K kernel code, 1334K rwdata, 4028K rodata, 1484K init, 1284K bss, 50384K reserved, 0K cma-reserved)
[    0.000000] SLUB: HWalign=64, Order=0-3, MinObjects=0, CPUs=2, Nodes=1
[    0.000000] Kernel/User page tables isolation: enabled
[    0.000000] Hierarchical RCU implementation.
[    0.000000] 	Build-time adjustment of leaf fanout to 64.
[    0.000000] 	RCU restricting CPUs from NR_CPUS=512 to nr_cpu_ids=2.
[    0.000000] RCU: Adjusting geometry for rcu_fanout_leaf=64, nr_cpu_ids=2
[    0.000000] NR_IRQS:33024 nr_irqs:440 16
[    0.000000] Console: colour VGA+ 80x25
[    0.000000] console [tty1] enabled
[    0.000000] console [ttyS0] enabled
[    0.000000] tsc: Detected 3192.626 MHz processor
[    0.325566] Calibrating delay loop (skipped) preset value.. 6385.25 BogoMIPS (lpj=12770504)
[    0.328750] pid_max: default: 32768 minimum: 301
[    0.330574] ACPI: Core revision 20150930
[    0.335788] ACPI: 2 ACPI AML tables successfully acquired and loaded
[    0.338166] Security Framework initialized
[    0.339779] Yama: becoming mindful.
[    0.341432] AppArmor: AppArmor initialized
[    0.343209] Dentry cache hash table entries: 131072 (order: 8, 1048576 bytes)
[    0.352830] Inode-cache hash table entries: 65536 (order: 7, 524288 bytes)
[    0.355543] Mount-cache hash table entries: 2048 (order: 2, 16384 bytes)
[    0.357820] Mountpoint-cache hash table entries: 2048 (order: 2, 16384 bytes)
[    0.361499] Initializing cgroup subsys io
[    0.363147] Initializing cgroup subsys memory
[    0.364849] Initializing cgroup subsys devices
[    0.366495] Initializing cgroup subsys freezer
[    0.368165] Initializing cgroup subsys net_cls
[    0.369965] Initializing cgroup subsys perf_event
[    0.371796] Initializing cgroup subsys net_prio
[    0.373502] Initializing cgroup subsys hugetlb
[    0.375141] Initializing cgroup subsys pids
[    0.377705] mce: CPU supports 0 MCE banks
[    0.379363] Last level iTLB entries: 4KB 1024, 2MB 1024, 4MB 1024
[    0.381587] Last level dTLB entries: 4KB 1024, 2MB 1024, 4MB 1024, 1GB 4
[    0.383806] Spectre V2 : Mitigation: Full generic retpoline
[    0.385865] Spectre V2 : Spectre v2 / SpectreRSB mitigation: Filling RSB on context switch
[    0.389055] Speculative Store Bypass: Vulnerable
[    0.396390] Freeing SMP alternatives memory: 36K
[    0.409097] ftrace: allocating 32287 entries in 127 pages
[    0.518175] smpboot: APIC(0) Converting physical 0 to logical package 0
[    0.520494] smpboot: Max logical packages: 1
[    0.522841] x2apic enabled
[    0.524684] Switched APIC routing to physical x2apic.
[    0.529204] ..TIMER: vector=0x30 apic1=0 pin1=2 apic2=-1 pin2=-1
[    0.636161] smpboot: CPU0: Intel(R) Core(TM) i5-4570 CPU @ 3.20GHz (family: 0x6, model: 0x3c, stepping: 0x3)
[    0.640274] Performance Events: unsupported p6 CPU model 60 no PMU driver, software events only.
[    0.658813] KVM setup paravirtual spinlock
[    0.661497] x86: Booting SMP configuration:
[    0.663175] .... node  #0, CPUs:      #1
[    0.664727] kvm-clock: cpu 1, msr 0:3ffe3041, secondary cpu clock
[    0.666771] mce: CPU supports 0 MCE banks
[    0.669631] x86: Booted up 1 node, 2 CPUs
[    0.671886] smpboot: Total of 2 processors activated (12770.50 BogoMIPS)
[    0.674970] devtmpfs: initialized
[    0.679600] evm: security.selinux
[    0.681294] evm: security.SMACK64
[    0.682702] evm: security.SMACK64EXEC
[    0.684211] evm: security.SMACK64TRANSMUTE
[    0.685892] evm: security.SMACK64MMAP
[    0.687482] evm: security.ima
[    0.688923] evm: security.capability
[    0.691206] clocksource: jiffies: mask: 0xffffffff max_cycles: 0xffffffff, max_idle_ns: 7645041785100000 ns
[    0.694751] futex hash table entries: 512 (order: 3, 32768 bytes)
[    0.697045] pinctrl core: initialized pinctrl subsystem
[    0.699169] RTC time: 10:04:53, date: 05/10/19
[    0.701166] NET: Registered protocol family 16
[    0.713407] cpuidle: using governor ladder
[    0.725894] cpuidle: using governor menu
[    0.727465] PCCT header not found.
[    0.729096] ACPI: bus type PCI registered
[    0.730810] acpiphp: ACPI Hot Plug PCI Controller Driver version: 0.5
[    0.733140] PCI: Using configuration type 1 for base access
[    0.750196] ACPI: Added _OSI(Module Device)
[    0.751853] ACPI: Added _OSI(Processor Device)
[    0.753521] ACPI: Added _OSI(3.0 _SCP Extensions)
[    0.755230] ACPI: Added _OSI(Processor Aggregator Device)
[    0.758621] ACPI: Executed 1 blocks of module-level executable AML code
[    0.766524] ACPI: Interpreter enabled
[    0.768043] ACPI: (supports S0 S5)
[    0.769502] ACPI: Using IOAPIC for interrupt routing
[    0.771709] PCI: Using host bridge windows from ACPI; if necessary, use "pci=nocrs" and report a bug
[    0.783640] ACPI: PCI Root Bridge [PCI0] (domain 0000 [bus 00-ff])
[    0.785758] acpi PNP0A03:00: _OSC: OS supports [ASPM ClockPM Segments MSI]
[    0.788921] acpi PNP0A03:00: _OSC: not requesting OS control; OS requires [ExtendedConfig ASPM ClockPM MSI]
[    0.792470] acpi PNP0A03:00: fail to add MMCONFIG information, can't access extended PCI configuration space under this bridge.
[    0.796863] PCI host bridge to bus 0000:00
[    0.798434] pci_bus 0000:00: root bus resource [io  0x0000-0x0cf7 window]
[    0.800755] pci_bus 0000:00: root bus resource [io  0x0d00-0xffff window]
[    0.803015] pci_bus 0000:00: root bus resource [mem 0x000a0000-0x000bffff window]
[    0.805924] pci_bus 0000:00: root bus resource [mem 0x40000000-0xfdffffff window]
[    0.808828] pci_bus 0000:00: root bus resource [bus 00-ff]
[    0.813856] pci 0000:00:01.1: legacy IDE quirk: reg 0x10: [io  0x01f0-0x01f7]
[    0.816177] pci 0000:00:01.1: legacy IDE quirk: reg 0x14: [io  0x03f6]
[    0.818339] pci 0000:00:01.1: legacy IDE quirk: reg 0x18: [io  0x0170-0x0177]
[    0.820688] pci 0000:00:01.1: legacy IDE quirk: reg 0x1c: [io  0x0376]
[    0.839332] pci 0000:00:07.0: quirk: [io  0x4000-0x403f] claimed by PIIX4 ACPI
[    0.842322] pci 0000:00:07.0: quirk: [io  0x4100-0x410f] claimed by PIIX4 SMB
[    0.876625] ACPI: PCI Interrupt Link [LNKA] (IRQs 5 9 10 *11)
[    0.879690] ACPI: PCI Interrupt Link [LNKB] (IRQs 5 9 *10 11)
[    0.882552] ACPI: PCI Interrupt Link [LNKC] (IRQs 5 *9 10 11)
[    0.885256] ACPI: PCI Interrupt Link [LNKD] (IRQs 5 9 10 *11)
[    0.888013] ACPI: Enabled 2 GPEs in block 00 to 07
[    0.890190] vgaarb: setting as boot device: PCI:0000:00:02.0
[    0.892215] vgaarb: device added: PCI:0000:00:02.0,decodes=io+mem,owns=io+mem,locks=none
[    0.895284] vgaarb: loaded
[    0.896520] vgaarb: bridge control possible 0000:00:02.0
[    0.898833] SCSI subsystem initialized
[    0.900540] ACPI: bus type USB registered
[    0.902167] usbcore: registered new interface driver usbfs
[    0.904153] usbcore: registered new interface driver hub
[    0.906055] usbcore: registered new device driver usb
[    0.908143] PCI: Using ACPI for IRQ routing
[    0.910259] NetLabel: Initializing
[    0.911657] NetLabel:  domain hash size = 128
[    0.913311] NetLabel:  protocols = UNLABELED CIPSOv4
[    0.933126] NetLabel:  unlabeled traffic allowed by default
[    0.935495] amd_nb: Cannot enumerate AMD northbridges
[    0.937407] clocksource: Switched to clocksource kvm-clock
[    0.961587] AppArmor: AppArmor Filesystem Enabled
[    0.963426] pnp: PnP ACPI init
[    0.966319] pnp: PnP ACPI: found 3 devices
[    0.980857] clocksource: acpi_pm: mask: 0xffffff max_cycles: 0xffffff, max_idle_ns: 2085701024 ns
[    0.984294] NET: Registered protocol family 2
[    0.986218] TCP established hash table entries: 8192 (order: 4, 65536 bytes)
[    0.988582] TCP bind hash table entries: 8192 (order: 5, 131072 bytes)
[    0.990863] TCP: Hash tables configured (established 8192 bind 8192)
[    0.993041] UDP hash table entries: 512 (order: 2, 16384 bytes)
[    0.995069] UDP-Lite hash table entries: 512 (order: 2, 16384 bytes)
[    0.997187] NET: Registered protocol family 1
[    0.998961] pci 0000:00:00.0: Limiting direct PCI/PCI transfers
[    1.001131] pci 0000:00:01.0: Activating ISA DMA hang workarounds
[    1.003433] Unpacking initramfs...
[    1.583610] Freeing initrd memory: 14824K
[    1.585399] RAPL PMU detected, API unit is 2^-32 Joules, 4 fixed counters 10737418240 ms ovfl timer
[    1.589689] hw unit of domain pp0-core 2^-0 Joules
[    1.591530] hw unit of domain package 2^-0 Joules
[    1.593274] hw unit of domain dram 2^-0 Joules
[    1.597557] hw unit of domain pp1-gpu 2^-0 Joules
[    1.599411] platform rtc_cmos: registered platform RTC device (no PNP device found)
[    1.602454] Scanning for low memory corruption every 60 seconds
[    1.605080] audit: initializing netlink subsys (disabled)
[    1.607035] audit: type=2000 audit(1557482699.439:1): initialized
[    1.609584] Initialise system trusted keyring
[    1.611463] HugeTLB registered 2 MB page size, pre-allocated 0 pages
[    1.616718] zbud: loaded
[    1.618549] VFS: Disk quotas dquot_6.6.0
[    1.620185] VFS: Dquot-cache hash table entries: 512 (order 0, 4096 bytes)
[    1.622941] squashfs: version 4.0 (2009/01/31) Phillip Lougher
[    1.630705] fuse init (API version 7.23)
[    1.632524] Key type big_key registered
[    1.634094] Allocating IMA MOK and blacklist keyrings.
[    1.636984] Key type asymmetric registered
[    1.638599] Asymmetric key parser 'x509' registered
[    1.640493] Block layer SCSI generic (bsg) driver version 0.4 loaded (major 249)
[    1.643474] io scheduler noop registered
[    1.645006] io scheduler deadline registered (default)
[    1.646910] io scheduler cfq registered
[    1.648582] pci_hotplug: PCI Hot Plug PCI Core version: 0.5
[    1.650528] pciehp: PCI Express Hot Plug Controller Driver version: 0.4
[    1.652986] ACPI: AC Adapter [AC] (on-line)
[    1.654706] input: Power Button as /devices/LNXSYSTM:00/LNXPWRBN:00/input/input0
[    1.657606] ACPI: Power Button [PWRF]
[    1.659184] input: Sleep Button as /devices/LNXSYSTM:00/LNXSLPBN:00/input/input1
[    1.662137] ACPI: Sleep Button [SLPF]
[    1.663853] GHES: HEST is not enabled!
[    1.665598] Serial: 8250/16550 driver, 32 ports, IRQ sharing enabled
[    1.688746] 00:02: ttyS0 at I/O 0x3f8 (irq = 4, base_baud = 115200) is a 16550A
[    1.695179] Linux agpgart interface v0.103
[    1.699331] loop: module loaded
[    1.701773] scsi host0: ata_piix
[    1.703310] scsi host1: ata_piix
[    1.704727] ata1: PATA max UDMA/33 cmd 0x1f0 ctl 0x3f6 bmdma 0xd000 irq 14
[    1.706958] ata2: PATA max UDMA/33 cmd 0x170 ctl 0x376 bmdma 0xd008 irq 15
[    1.709409] libphy: Fixed MDIO Bus: probed
[    1.711143] tun: Universal TUN/TAP device driver, 1.6
[    1.712932] tun: (C) 1999-2004 Max Krasnyansky <maxk@qualcomm.com>
[    1.715139] PPP generic driver version 2.4.2
[    1.716914] ehci_hcd: USB 2.0 'Enhanced' Host Controller (EHCI) Driver
[    1.719098] ehci-pci: EHCI PCI platform driver
[    1.720824] ehci-platform: EHCI generic platform driver
[    1.722744] ohci_hcd: USB 1.1 'Open' Host Controller (OHCI) Driver
[    1.724799] ohci-pci: OHCI PCI platform driver
[    1.726513] ohci-platform: OHCI generic platform driver
[    1.728376] uhci_hcd: USB Universal Host Controller Interface driver
[    1.730682] i8042: PNP: PS/2 Controller [PNP0303:PS2K,PNP0f03:PS2M] at 0x60,0x64 irq 1,12
[    1.734579] serio: i8042 KBD port at 0x60,0x64 irq 1
[    1.736353] serio: i8042 AUX port at 0x60,0x64 irq 12
[    1.738484] mousedev: PS/2 mouse device common for all mice
[    1.741018] input: AT Translated Set 2 keyboard as /devices/platform/i8042/serio0/input/input2
[    1.744872] rtc_cmos rtc_cmos: rtc core: registered rtc_cmos as rtc0
[    1.747116] rtc_cmos rtc_cmos: alarms up to one day, 114 bytes nvram
[    1.749236] i2c /dev entries driver
[    1.750878] device-mapper: uevent: version 1.0.3
[    1.752750] device-mapper: ioctl: 4.34.0-ioctl (2015-10-28) initialised: dm-devel@redhat.com
[    1.755949] ledtrig-cpu: registered to indicate activity on CPUs
[    1.758761] NET: Registered protocol family 10
[    1.761006] NET: Registered protocol family 17
[    1.762730] Key type dns_resolver registered
[    1.764923] registered taskstats version 1
[    1.766553] Loading compiled-in X.509 certificates
[    1.769187] Loaded X.509 cert 'Build time autogenerated kernel key: 4dcb2dc2c7cf43e0c20c44384f68683c20294489'
[    1.773365] zswap: loaded using pool lzo/zbud
[    1.776698] Key type trusted registered
[    1.782110] Key type encrypted registered
[    1.783683] AppArmor: AppArmor sha1 policy hashing enabled
[    1.785593] ima: No TPM chip found, activating TPM-bypass!
[    1.787500] ima: Allocated hash algorithm: sha1
[    1.789188] evm: HMAC attrs: 0x1
[    1.791103]   Magic number: 3:317:72
[    1.794808] rtc_cmos rtc_cmos: setting system clock to 2019-05-10 10:04:54 UTC (1557482694)
[    1.798430] BIOS EDD facility v0.16 2004-Jun-25, 0 devices found
[    1.800541] EDD information not available.
[    1.869696] Freeing unused kernel memory: 1484K
[    1.871492] Write protecting the kernel read-only data: 14336k
[    1.874430] Freeing unused kernel memory: 1620K
[    1.880582] Freeing unused kernel memory: 68K
Loading, please wait...
starting version 229
[    1.900085] random: systemd-udevd: uninitialized urandom read (16 bytes read, 2 bits of entropy available)
[    1.900876] random: udevadm: uninitialized urandom read (16 bytes read, 2 bits of entropy available)
[    1.900912] random: udevadm: uninitialized urandom read (16 bytes read, 2 bits of entropy available)
[    1.910645] random: systemd-udevd: uninitialized urandom read (16 bytes read, 2 bits of entropy available)
[    1.914516] random: systemd-udevd: uninitialized urandom read (16 bytes read, 2 bits of entropy available)
[    1.917001] random: udevadm: uninitialized urandom read (16 bytes read, 2 bits of entropy available)
[    1.917069] random: udevadm: uninitialized urandom read (16 bytes read, 2 bits of entropy available)
[    1.917365] random: udevadm: uninitialized urandom read (16 bytes read, 2 bits of entropy available)
[    1.917452] random: udevadm: uninitialized urandom read (16 bytes read, 2 bits of entropy available)
[    1.917542] random: udevadm: uninitialized urandom read (16 bytes read, 2 bits of entropy available)
[    1.997851] e1000: Intel(R) PRO/1000 Network Driver - version 7.3.21-k8-NAPI
[    2.000224] e1000: Copyright (c) 1999-2006 Intel Corporation.
[    2.007111] Fusion MPT base driver 3.04.20
[    2.008717] Copyright (c) 1999-2008 LSI Corporation
[    2.032224] Fusion MPT SPI Host driver 3.04.20
[    2.045229] AVX2 version of gcm_enc/dec engaged.
[    2.046990] AES CTR mode by8 optimization enabled
[    2.225051] input: ImExPS/2 Generic Explorer Mouse as /devices/platform/i8042/serio1/input/input4
[    2.464465] e1000 0000:00:03.0 eth0: (PCI:33MHz:32-bit) 02:9b:bc:73:96:26
[    2.466817] e1000 0000:00:03.0 eth0: Intel(R) PRO/1000 Network Connection
[    2.471736] e1000 0000:00:03.0 enp0s3: renamed from eth0
[    2.473734] mptbase: ioc0: Initiating bringup
[    2.584711] ioc0: LSI53C1030 A0: Capabilities={Initiator}
[    2.598915] tsc: Refined TSC clocksource calibration: 3200.906 MHz
[    2.601076] clocksource: tsc: mask: 0xffffffffffffffff max_cycles: 0x2e23a1f9892, max_idle_ns: 440795297470 ns
[    3.190599] scsi host2: ioc0: LSI53C1030 A0, FwRev=00000000h, Ports=1, MaxQ=256, IRQ=20
[    3.630458] scsi 2:0:0:0: Direct-Access     VBOX     HARDDISK         1.0  PQ: 0 ANSI: 5
[    3.633709] scsi target2:0:0: Beginning Domain Validation
[    3.637494] scsi target2:0:0: Domain Validation skipping write tests
[    3.639633] scsi target2:0:0: Ending Domain Validation
[    3.641780] scsi target2:0:0: asynchronous
[    3.644394] scsi 2:0:1:0: Direct-Access     VBOX     HARDDISK         1.0  PQ: 0 ANSI: 5
[    3.647756] scsi target2:0:1: Beginning Domain Validation
[    3.678913] scsi target2:0:1: Domain Validation skipping write tests
[    3.681126] scsi target2:0:1: Ending Domain Validation
[    3.683342] scsi target2:0:1: asynchronous
[    3.692763] sd 2:0:0:0: [sda] 20971520 512-byte logical blocks: (10.7 GB/10.0 GiB)
[    3.693085] sd 2:0:0:0: Attached scsi generic sg0 type 0
[    3.693854] sd 2:0:1:0: Attached scsi generic sg1 type 0
[    3.694157] sd 2:0:1:0: [sdb] 20480 512-byte logical blocks: (10.5 MB/10.0 MiB)
[    3.694332] sd 2:0:1:0: [sdb] Write Protect is off
[    3.694466] sd 2:0:1:0: [sdb] Incomplete mode parameter data
[    3.694470] sd 2:0:1:0: [sdb] Assuming drive cache: write through
[    3.697249] sd 2:0:1:0: [sdb] Attached SCSI disk
[    3.711717] sd 2:0:0:0: [sda] Write Protect is off
[    3.713781] sd 2:0:0:0: [sda] Incomplete mode parameter data
[    3.715872] sd 2:0:0:0: [sda] Assuming drive cache: write through
[    3.720086]  sda: sda1
[    3.722137] sd 2:0:0:0: [sda] Attached SCSI disk
Begin: Loading essential drivers ... [    5.615506] md: linear personality registered for level -1
[    5.620857] md: multipath personality registered for level -4
[    5.625594] md: raid0 personality registered for level 0
[    5.632960] md: raid1 personality registered for level 1
[    5.706308] raid6: sse2x1   gen()  2965 MB/s
[    5.773466] raid6: sse2x1   xor()  1783 MB/s
[    5.841582] raid6: sse2x2   gen()  4785 MB/s
[    5.909913] raid6: sse2x2   xor()  3365 MB/s
[    5.977764] raid6: sse2x4   gen()  6992 MB/s
[    6.045616] raid6: sse2x4   xor()  4324 MB/s
[    6.113439] raid6: avx2x1   gen()  6074 MB/s
[    6.181452] raid6: avx2x2   gen() 10831 MB/s
[    6.249441] raid6: avx2x4   gen() 12159 MB/s
[    6.251173] raid6: using algorithm avx2x4 gen() 12159 MB/s
[    6.253155] raid6: using avx2x2 recovery algorithm
[    6.257000] xor: automatically using best checksumming function:
[    6.298478]    avx       : 17129.000 MB/sec
[    6.301983] async_tx: api initialized (async)
[    6.319006] md: raid6 personality registered for level 6
[    6.321675] md: raid5 personality registered for level 5
[    6.323626] md: raid4 personality registered for level 4
[    6.334287] md: raid10 personality registered for level 10
done.
Begin: Running /scripts/init-premount ... done.
Begin: Mounting root file system ... Begin: Running /scripts/local-top ... done.
Begin: Running /scripts/local-premount ... [    6.389222] Btrfs loaded
Scanning for Btrfs filesystems
done.
Warning: fsck not present, so skipping root file system
[    6.426915] EXT4-fs (sda1): mounted filesystem with ordered data mode. Opts: (null)
done.
Begin: Running /scripts/local-bottom ... done.
Begin: Running /scripts/init-bottom ... done.
[    6.574925] systemd[1]: systemd 229 running in system mode. (+PAM +AUDIT +SELINUX +IMA +APPARMOR +SMACK +SYSVINIT +UTMP +LIBCRYPTSETUP +GCRYPT +GNUTLS +ACL +XZ -LZ4 +SECCOMP +BLKID +ELFUTILS +KMOD -IDN)
[    6.581013] systemd[1]: Detected virtualization oracle.
[    6.582963] systemd[1]: Detected architecture x86-64.

Welcome to [1mUbuntu 16.04.6 LTS[0m!

[    6.589922] systemd[1]: Set hostname to <ubuntu>.
[    6.595811] systemd[1]: Initializing machine ID from random generator.
[    6.598092] systemd[1]: Installed transient /etc/machine-id file.
[    6.766980] systemd[1]: Created slice User and Session Slice.
[[0;32m  OK  [0m] Created slice User and Session Slice.
[    6.770302] systemd[1]: Reached target Encrypted Volumes.
[[0;32m  OK  [0m] Reached target Encrypted Volumes.
[    6.773509] systemd[1]: Listening on Journal Socket.
[[0;32m  OK  [0m] Listening on Journal Socket.
[    6.776443] systemd[1]: Reached target Swap.
[[0;32m  OK  [0m] Reached target Swap.
[    6.779555] systemd[1]: Created slice System Slice.
[[0;32m  OK  [0m] Created slice System Slice.
[    6.782657] systemd[1]: Reached target Slices.
[[0;32m  OK  [0m] Reached target Slices.
[    6.798162] systemd[1]: Starting Remount Root and Kernel File Systems...
         Starting Remount Root and Kernel File Systems...
[    6.802780] systemd[1]: Starting Set console keymap...
         Starting Set console keymap...
[    6.806690] EXT4-fs (sda1): re-mounted. Opts: (null)
[    6.807529] systemd[1]: Starting Nameserver information manager...
         Starting Nameserver information manager...
[    6.812615] systemd[1]: Listening on Syslog Socket.
[[0;32m  OK  [0m] Listening on Syslog Socket.
[    6.816603] systemd[1]: Mounting POSIX Message Queue File System...
         Mounting POSIX Message Queue File System...
[    6.826221] systemd[1]: Listening on udev Control Socket.
[[0;32m  OK  [0m] Listening on udev Control Socket.
[    6.829411] systemd[1]: Started Trigger resolvconf update for networkd DNS.
[[0;32m  OK  [0m] Started Trigger resolvconf update for networkd DNS.
[    6.833643] systemd[1]: Set up automount Arbitrary Executable File Formats File System Automount Point.
[[0;32m  OK  [0m] Set up automount Arbitrary Executab...ats File System Automount Point.
[    6.853770] systemd[1]: Mounting Huge Pages File System...
         Mounting Huge Pages File System...
[    6.858214] systemd[1]: Created slice system-serial\x2dgetty.slice.
[[0;32m  OK  [0m] Created slice system-serial\x2dgetty.slice.
[    6.862490] systemd[1]: Started Forward Password Requests to Wall Directory Watch.
[[0;32m  OK  [0m] Started Forward Password Requests to Wall Directory Watch.
[    6.868899] systemd[1]: Starting Create list of required static device nodes for the current kernel...
         Starting Create list of required st... nodes for the current kernel...
[    6.882221] systemd[1]: Listening on LVM2 metadata daemon socket.
[[0;32m  OK  [0m] Listening on LVM2 metadata daemon socket.
[    6.885561] systemd[1]: Listening on /dev/initctl Compatibility Named Pipe.
[[0;32m  OK  [0m] Listening on /dev/initctl Compatibility Named Pipe.
[    6.889328] systemd[1]: Listening on LVM2 poll daemon socket.
[[0;32m  OK  [0m] Listening on LVM2 poll daemon socket.
[    6.895487] systemd[1]: Listening on Journal Socket (/dev/log).
[[0;32m  OK  [0m] Listening on Journal Socket (/dev/log).
[    6.899806] systemd[1]: Starting Uncomplicated firewall...
         Starting Uncomplicated firewall...
[    6.903555] systemd[1]: Listening on Device-mapper event daemon FIFOs.
[[0;32m  OK  [0m] Listening on Device-mapper event daemon FIFOs.
[    6.908967] systemd[1]: Starting Monitoring of LVM2 mirrors, snapshots etc. using dmeventd or progress polling...
         Starting Monitoring of LVM2 mirrors... dmeventd or progress polling...
[    6.918122] systemd[1]: Reached target System Time Synchronized.
[[0;32m  OK  [0m] Reached target System Time Synchronized.
[    6.922882] systemd[1]: Listening on udev Kernel Socket.
[[0;32m  OK  [0m] Listening on udev Kernel Socket.
[    6.926690] systemd[1]: Listening on Journal Audit Socket.
[[0;32m  OK  [0m] Listening on Journal Audit Socket.
[    6.950542] systemd[1]: Starting Journal Service...
         Starting Journal Service...
[    6.957844] systemd[1]: Mounting Debug File System...
         Mounting Debug File System...
[    6.964832] systemd[1]: Starting Load Kernel Modules...
         Starting Load Kernel Modules...
[    6.968923] systemd[1]: Reached target User and Group Name Lookups.
[[0;32m  OK  [0m] Reached target User and Group Name Lookups.
[    6.988011] Loading iSCSI transport class v2.0-870.
[    6.991499] systemd[1]: Mounted POSIX Message Queue File System.
[[0;32m  OK  [0m] Mounted POSIX Message Queue File System.
[    6.994928] systemd[1]: Mounted Debug File System.
[[0;32m  OK  [0m] Mounted Debug File System.
[    6.998413] systemd[1]: Mounted Huge Pages File System.
[[0;32m  OK  [0m] Mounted Huge Pages File System.
[    7.002583] systemd[1]: Started Remount Root and Kernel File Systems.
[[0;32m  OK  [0m] Started Remount Root and Kernel File Systems.
[    7.008711] systemd[1]: Started Set console keymap.
[[0;32m  OK  [0m] Started Set console keymap.
[    7.014939] systemd[1]: Started Create list of required static device nodes for the current kernel.
[[0;32m  OK  [0m] Started Create list of required sta...ce nodes for the current kernel.
[    7.021256] systemd[1]: Started Uncomplicated firewall.
[    7.024421] iscsi: registered transport (tcp)
[[0;32m  OK  [0m] Started Uncomplicated firewall.
[    7.027632] systemd[1]: Started Nameserver information manager.
[[0;32m  OK  [0m] Started Nameserver information manager.
[    7.035460] systemd[1]: Started Journal Service.
[[0;32m  OK  [0m] Started Journal Service.
[    7.086512] iscsi: registered transport (iser)
[[0;32m  OK  [0m] Started Load Kernel Modules.
         Mounting FUSE Control File System...
         Starting Apply Kernel Variables...
[[0;32m  OK  [0m] Started LVM2 metadata daemon.
         Starting Create Static Device Nodes in /dev...
         Starting udev Coldplug all Devices...
         Starting Flush Journal to Persistent Storage...
         Starting Load/Save Random Seed...
[[0;32m  OK  [0m] Mounted FUSE Control File System.
[[0;32m  OK  [0m] Started Apply Kernel Variables.
[[0;32m  OK  [0m] Started Load/Save Random Seed.
[[0;32m  OK  [0m] Started Create Static Device Nodes in /dev.
[[0;32m  OK  [0m] Started Flush Journal to Persistent Storage.
[[0;32m  OK  [0m] Started udev Coldplug all Devices.
         Starting udev Kernel Device Manager...
[[0;32m  OK  [0m] Started udev Kernel Device Manager.
[[0;32m  OK  [0m] Started Dispatch Password Requests to Console Directory Watch.
[[0;32m  OK  [0m] Found device /dev/ttyS0.
[[0;32m  OK  [0m] Listening on Load/Save RF Kill Switch Status /dev/rfkill Watch.
[[0;32m  OK  [0m] Started Monitoring of LVM2 mirrors,...ng dmeventd or progress polling.
[[0;32m  OK  [0m] Reached target Local File Systems (Pre).
[[0;32m  OK  [0m] Reached target Local File Systems.
         Starting LSB: AppArmor initialization...
         Starting Create Volatile Files and Directories...
         Starting Tell Plymouth To Write Out Runtime Data...
         Starting Set console font and keymap...
         Starting Commit a transient machine-id on disk...
         Starting Initial cloud-init job (pre-networking)...
[[0;32m  OK  [0m] Started Create Volatile Files and Directories.
[[0;32m  OK  [0m] Started Tell Plymouth To Write Out Runtime Data.
[[0;32m  OK  [0m] Started Commit a transient machine-id on disk.
         Starting Update UTMP about System Boot/Shutdown...
[[0;32m  OK  [0m] Started Update UTMP about System Boot/Shutdown.
[[0;32m  OK  [0m] Started Initial cloud-init job (pre-networking).
[    9.685436] cloud-init[544]: Cloud-init v. 18.5-45-g3554ffe8-0ubuntu1~16.04.1 running 'init-local' at Fri, 10 May 2019 10:05:02 +0000. Up 8.94 seconds.
[[0;32m  OK  [0m] Reached target Network (Pre).
[[0;32m  OK  [0m] Started LSB: AppArmor initialization.
         Starting Raise network interfaces...
[[0;32m  OK  [0m] Started Set console font and keymap.
[[0;32m  OK  [0m] Created slice system-getty.slice.
[[0;32m  OK  [0m] Started Raise network interfaces.
[[0;32m  OK  [0m] Reached target Network.
         Starting Initial cloud-init job (metadata service crawler)...
[   13.061583] cloud-init[941]: Cloud-init v. 18.5-45-g3554ffe8-0ubuntu1~16.04.1 running 'init' at Fri, 10 May 2019 10:05:05 +0000. Up 11.95 seconds.
[   13.066516] cloud-init[941]: ci-info: ++++++++++++++++++++++++++++++++++++++Net device info++++++++++++++++++++++++++++++++++++++
[   13.070063] cloud-init[941]: ci-info: +--------+------+----------------------------+---------------+--------+-------------------+
[   13.073819] cloud-init[941]: ci-info: | Device |  Up  |          Address           |      Mask     | Scope  |     Hw-Address    |
[   13.076613] cloud-init[941]: ci-info: +--------+------+----------------------------+---------------+--------+-------------------+
[   13.080117] cloud-init[941]: ci-info: | enp0s3 | True |         10.0.2.15          | 255.255.255.0 | global | 02:9b:bc:73:96:26 |
[   13.083531] cloud-init[941]: ci-info: | enp0s3 | True | fe80::9b:bcff:fe73:9626/64 |       .       |  link  | 02:9b:bc:73:96:26 |
[   13.086472] cloud-init[941]: ci-info: |   lo   | True |         127.0.0.1          |   255.0.0.0   |  host  |         .         |
[   13.089210] cloud-init[941]: ci-info: |   lo   | True |          ::1/128           |       .       |  host  |         .         |
[   13.093621] cloud-init[941]: ci-info: +--------+------+----------------------------+---------------+--------+-------------------+
[   13.097382] cloud-init[941]: ci-info: +++++++++++++++++++++++++++Route IPv4 info++++++++++++++++++++++++++++
[   13.100711] cloud-init[941]: ci-info: +-------+-------------+----------+---------------+-----------+-------+
[   13.103041] cloud-init[941]: ci-info: | Route | Destination | Gateway  |    Genmask    | Interface | Flags |
[   13.105705] cloud-init[941]: ci-info: +-------+-------------+----------+---------------+-----------+-------+
[   13.108557] cloud-init[941]: ci-info: |   0   |   0.0.0.0   | 10.0.2.2 |    0.0.0.0    |   enp0s3  |   UG  |
[   13.113237] cloud-init[941]: ci-info: |   1   |   10.0.2.0  | 0.0.0.0  | 255.255.255.0 |   enp0s3  |   U   |
[   13.115749] cloud-init[941]: ci-info: +-------+-------------+----------+---------------+-----------+-------+
[   13.118103] cloud-init[941]: ci-info: +++++++++++++++++++Route IPv6 info+++++++++++++++++++
[   13.120128] cloud-init[941]: ci-info: +-------+-------------+---------+-----------+-------+
[   13.122305] cloud-init[941]: ci-info: | Route | Destination | Gateway | Interface | Flags |
[   13.124529] cloud-init[941]: ci-info: +-------+-------------+---------+-----------+-------+
[   13.128934] cloud-init[941]: ci-info: |   0   |  fe80::/64  |    ::   |   enp0s3  |   U   |
[   13.131004] cloud-init[941]: ci-info: |   3   |   ff00::/8  |    ::   |   enp0s3  |   U   |
[   13.133246] cloud-init[941]: ci-info: +-------+-------------+---------+-----------+-------+
[   13.135503] cloud-init[941]: Generating public/private rsa key pair.
[   13.137327] cloud-init[941]: Your identification has been saved in /etc/ssh/ssh_host_rsa_key.
[   13.139541] cloud-init[941]: Your public key has been saved in /etc/ssh/ssh_host_rsa_key.pub.
[   13.141843] cloud-init[941]: The key fingerprint is:
[   13.144172] cloud-init[941]: SHA256:qWd+5cQMYsAaX6PmG9lGTiPoXXEBJJDkB4O43JqpDyM root@ubuntu-xenial
[   13.152525] cloud-init[941]: [[0;32m  OK  [0m] Started Initial cloud-init job (metadata service crawler).
[[0;32m  OK  [0m] Reached target Cloud-config availability.
[[0;32m  OK  [0m] Reached target Network is Online.
The key's randomart image is:
[   13.160481] cloud-init[941]: +---[RSA 2048]----+
[   13.161959] cloud-init[941]: | . o=+..o...     |
[   13.163483] cloud-init[941]: |. ..ooo.+ .      |
[   13.165601] cloud-init[941]: |... .=.+ +       |
[   13.167411]          Starting iSCSI initiator daemon (iscsid)...
[[0;32m  OK  [0m] Reached target System Initialization.
[[0;32m  OK  [0mcloud-init[941]: |.. .o.= B..      |] Started Daily apt download activities.
[[0;32m  OK  [0m] Listening on UUID daemon activation socket.
[   13.176817] cloud-init[941]: |  +. + XSo +     |
[   13.178370] cloud-init[941]: | +  . =.+   =    |
[   13.179327] cloud-init[941]: |E     .+o  +     |

[   13.182868] cloud-init[941]: |oo    .+  . .    |
[   13.183181] cloud-init[941]: | ..     ..       |
         Starting LXD - unix socket.
[   13.184610] cloud-init[941]: +----[SHA256]-----+
[   13.186195] cloud-init[941]: Generating public/private dsa key pair.
[   13.187669] cloud-init[941]: Your identification has been saved in /etc/ssh/ssh_host_dsa_key.
[   13.193606] cloud-init[941]: Your public key has been saved in /etc/ssh/ssh_host_dsa_key.pub.
[[0;32m  OK  [0m] Started ACPI Events Check.
[[0;32m  OK  [0m] Reached target Paths.
[[0;32m  OK  [0m] Listening on ACPID Listen Socket.
[[0;32m  OK  [0m] Started Daily apt upgrade and clean activities.
[[0;32m  OK  [0m] [   13.202240] cloud-init[941]: The key fingerprint is:
[   13.202334] cloud-init[941]: SHA256:AJG/W5TKMkBKkgXNUnnu6wC09cpwlzNZ71o1KvRrn7g root@ubuntu-xenial
Listening on D-Bus System Message Bus Socket.
         Starting Socket activation for snappy daemon.[   13.203027] cloud-init[941]: The key's randomart image is:
[   13.206211] cloud-init[941]: +---[DSA 1024]----+
[   13.206854] cloud-init[941]: |.Bo.oo           |
[   13.207434] cloud-init[941]: |+.= o.           |
[   13.208087] cloud-init[941]: |o= + ... .       |
[   13.208638] cloud-init[941]: |o + o =.+        |
[   13.209242] cloud-init[941]: |.o + O =S. o     |

[   13.209817] cloud-init[941]: | .+ * B + o .    |
[   13.211577] cloud-init[941]: |  .o + + =       |
[   13.212116] cloud-init[941]: |   .. . +.o .    |
[   13.212742] cloud-init[941]: |   ..  ..Eoo     |
[   13.213565] cloud-init[941]: +----[SHA256]-----+
[   13.214356] cloud-init[941]: Generating public/private ecdsa key pair.
[[0;32m  OK  [0m] Started Daily Cleanup of Temporary Directories.
[   13.214991] cloud-init[941]: Your identification has been saved in /etc/ssh/ssh_host_ecdsa_key.
[   13.215630] cloud-init[941]: Your public key has been saved in /etc/ssh/ssh_host_ecdsa_key.pub.
[   13.216532] cloud-init[941]: The key fingerprint is:
[   13.217130] cloud-init[941]: SHA256:uZ9NWW1GFq1vztzjzOK2aq/UclZYGUs0VFwYDjyl/BA root@ubuntu-xenial
[   13.217797] cloud-init[941]: The key's randomart image is:
[   13.218384] cloud-init[941]: +---[ECDSA 256]---+
[   13.219064] cloud-init[941]: |           .E.=@*|
[   13.219678] cloud-init[941]: |           .o=o O|
[   13.219819] cloud-init[941]: |            +..=o|
[   13.225040] cloud-init[941]: |         .   o++ |
[   13.225440] cloud-init[941]: |        S    .oo+|
[   13.225840] cloud-init[941]: |         .  .o.oo|
[   13.226527] cloud-init[941]: |        .  oo+ =.|
[   13.227135] cloud-init[941]: |         ..=+oo.=|
[   13.227915] cloud-init[941]: |          +oB+++.|
[   13.228511] cloud-init[941]: +----[SHA256]-----+
[   13.229111] cloud-init[941]: Generating public/private ed25519 key pair.
[[0;32m  OK  [0m] Reached target Timers.
[   13.233121] cloud-init[941]: Your identification has been saved in /etc/ssh/ssh_host_ed25519_key.
[   13.249141] cloud-init[941]: Your public key has been saved in /etc/ssh/ssh_host_ed25519_key.pub.
[   13.251018] cloud-init[941]: The key fingerprint is:
[   13.252272] cloud-init[941]: SHA256:enpkH/SM6RsMT4nH6K+N+T6YFP/OzLQtR6oJqB9FBmQ root@ubuntu-xenial
[   13.252610] cloud-init[941]: The key's randomart image is:
[[0;32m  OK  [0m] Listening on LXD - unix socket.
[   13.253843] [[0;32m  OK  [0mcloud-init[941]: +--[ED25519 256]--+
[   13.257277] cloud-init[941]: |     .E          |
[   13.257912] cloud-init[941]: |     . .         |
[   13.258489] cloud-init[941]: |        o        |
[   13.259120] cloud-init[941]: |       o.+..     |
[   13.259720] cloud-init[941]: |        S+==     |
[   13.260534] cloud-init[941]: |       =+*= o .  |
[   13.261117] cloud-init[941]: |      +++=+o.o   |
] Listening on Socket activation for snappy daemon.[   13.262545] cloud-init[941]: |     . ++*+B+o.  |
[   13.263713] cloud-init[941]: |    ..o.++O=*o.  |
[   13.264763] cloud-init[941]: +----[SHA256]-----+

[[0;32m  OK  [0m] Started iSCSI initiator daemon (iscsid).
         Starting Login to default iSCSI targets...
[[0;32m  OK  [0m] Reached target Sockets.
[[0;32m  OK  [0m] Reached target Basic System.
[[0;32m  OK  [0m] Started D-Bus System Message Bus.
         Starting LSB: MD monitoring daemon...
         Starting Accounts Service...
[[0;32m  OK  [0m] Started FUSE filesystem for LXC.
[[0;32m  OK  [0m] Started ACPI event daemon.
[[0;32m  OK  [0m] Started Regular background program processing daemon.
         Starting /etc/rc.local Compatibility...
         Starting Snappy daemon...
         Starting Login Service...
         Starting Virtualbox guest utils...
         Starting LSB: Record successful boot for GRUB...
         Starting Pollinate to seed the pseudo random number generator...
[[0;32m  OK  [0m] Started Deferred execution scheduler.
         Starting System Logging Service...
         Starting LXD - container startup/shutdown...
[[0;32m  OK  [0m] Started /etc/rc.local Compatibility.
[[0;32m  OK  [0m] Started System Logging Service.
[[0;32m  OK  [0m] Started Login to default iSCSI targets.
[[0;32m  OK  [0m] Started LSB: MD monitoring daemon.
[[0;32m  OK  [0m] Started Login Service.
[[0;32m  OK  [0m] Started Unattended Upgrades Shutdown.
         Starting Authenticate and Authorize Users to Run Privileged Tasks...
[[0;32m  OK  [0m] Reached target Remote File Systems (Pre).
[[0;32m  OK  [0m] Reached target Remote File Systems.
         Starting LSB: automatic crash report generation...
         Starting LSB: daemon to balance interrupts for SMP systems...
         Starting LSB: Set the CPU Frequency Scaling governor to "ondemand"...
         Starting Permit User Sessions...
[[0;32m  OK  [0m] Started LSB: Record successful boot for GRUB.
[[0;32m  OK  [0m] Started Permit User Sessions.
         Starting Terminate Plymouth Boot Screen...
         Starting Hold until boot process finishes up...
[[0;32m  OK  [0m] Started LSB: Set the CPU Frequency Scaling governor to "ondemand".
[[0;32m  OK  [0m] Started Hold until boot process finishes up.
[[0;32m  OK  [0m] Started Terminate Plymouth Boot Screen.
[[0;32m  OK  [0m] Started LSB: daemon to balance interrupts for SMP systems.
[[0;32m  OK  [0m] Started LSB: automatic crash report generation.
[[0;32m  OK  [0m] Started Authenticate and Authorize Users to Run Privileged Tasks.
[[0;32m  OK  [0m] Started Accounts Service.
[[0;32m  OK  [0m] Started Serial Getty on ttyS0.
[[0;32m  OK  [0m] Started Getty on tty1.
[[0;32m  OK  [0m] Reached target Login Prompts.
         Starting Set console scheme...
[[0;32m  OK  [0m] Started Virtualbox guest utils.
[[0;32m  OK  [0m] Started Set console scheme.
[[0;32m  OK  [0m] Started LXD - container startup/shutdown.
[[0;32m  OK  [0m] Started Snappy daemon.
         Starting Wait until snapd is fully seeded...
[[0;32m  OK  [0m] Started Pollinate to seed the pseudo random number generator.
         Starting OpenBSD Secure Shell server...
[[0;32m  OK  [0m] Started OpenBSD Secure Shell server.
[[0;32m  OK  [0m] Created slice User Slice of vagrant.
         Starting User Manager for UID 1000...
[[0;32m  OK  [0m] Started Session 1 of user vagrant.
[[0;32m  OK  [0m] Started User Manager for UID 1000.
[[0;32m  OK  [0m] Started Wait until snapd is fully seeded.
         Starting Apply the settings specified in cloud-config...
[[0;32m  OK  [0m] Reached target Multi-User System.
[[0;32m  OK  [0m] Reached target Graphical Interface.
         Starting Update UTMP about System Runlevel Changes...
[[0;32m  OK  [0m] Started Update UTMP about System Runlevel Changes.
[   18.460364] cloud-init[1381]: Generating locales (this might take a while)...

Ubuntu 16.04.6 LTS ubuntu-xenial ttyS0

ubuntu-xenial login: [   20.966651] cloud-init[1381]:   en_US.UTF-8... done
[   20.967698] cloud-init[1381]: Generation complete.
[   21.511314] cloud-init[1381]: Cloud-init v. 18.5-45-g3554ffe8-0ubuntu1~16.04.1 running 'modules:config' at Fri, 10 May 2019 10:05:11 +0000. Up 18.23 seconds.
ci-info: no authorized ssh keys fingerprints found for user ubuntu.
<14>May 10 10:05:15 ec2: 
<14>May 10 10:05:15 ec2: #############################################################
<14>May 10 10:05:15 ec2: -----BEGIN SSH HOST KEY FINGERPRINTS-----
<14>May 10 10:05:15 ec2: 1024 SHA256:AJG/W5TKMkBKkgXNUnnu6wC09cpwlzNZ71o1KvRrn7g root@ubuntu-xenial (DSA)
<14>May 10 10:05:15 ec2: 256 SHA256:uZ9NWW1GFq1vztzjzOK2aq/UclZYGUs0VFwYDjyl/BA root@ubuntu-xenial (ECDSA)
<14>May 10 10:05:15 ec2: 256 SHA256:enpkH/SM6RsMT4nH6K+N+T6YFP/OzLQtR6oJqB9FBmQ root@ubuntu-xenial (ED25519)
<14>May 10 10:05:15 ec2: 2048 SHA256:qWd+5cQMYsAaX6PmG9lGTiPoXXEBJJDkB4O43JqpDyM root@ubuntu-xenial (RSA)
<14>May 10 10:05:15 ec2: -----END SSH HOST KEY FINGERPRINTS-----
<14>May 10 10:05:15 ec2: #############################################################
-----BEGIN SSH HOST KEY KEYS-----
ecdsa-sha2-nistp256 AAAAE2VjZHNhLXNoYTItbmlzdHAyNTYAAAAIbmlzdHAyNTYAAABBBG5DBwI9nX13poT2O+NxtCPvD8KXUVxBrCaSGq0KiyAUiJGP5z5Y4Aak90ULtSIurlEBZPYUn/9jJzwYzu21Chw= root@ubuntu-xenial
ssh-ed25519 AAAAC3NzaC1lZDI1NTE5AAAAINRg6lfQI8K/OCLnF1oyXf/KTPG1oz80rr1W3i0ZDXWy root@ubuntu-xenial
ssh-rsa AAAAB3NzaC1yc2EAAAADAQABAAABAQDj5xlAfkxnDaCatPKVbLlPvqhG0qPcIJ/4rdmayHw6jVNgGJ95n67Lg4YxUDlN+ME5oYhSIEAeSsKKaItFBI3zy90jjcD0/G+vQ2RAXdrbBcjXVnBEJdV+N+NJGODfkPVqiCS52BVnUtdL3t3NSEAAPsjnIyUbTNt3vKw3vH+0hO6ASqlIEu+ue/lQw2/EwesnDVTcf8R6D3nztC6bv+Ro07cbGVceNrAXU6pjInSj++Iaq+Vnd02gmY7EO8J0gqzTXyqsExbNxCDm3B/uV5LZ1fuXriFZW3FbT+RsaT4Z+CylsSE1ni06undOdNnWSelx1HdTwJSrQwqDC/qhXSkJ root@ubuntu-xenial
-----END SSH HOST KEY KEYS-----
[   22.444096] cloud-init[1604]: Cloud-init v. 18.5-45-g3554ffe8-0ubuntu1~16.04.1 running 'modules:final' at Fri, 10 May 2019 10:05:15 +0000. Up 22.17 seconds.
[   22.444271] cloud-init[1604]: ci-info: no authorized ssh keys fingerprints found for user ubuntu.
[   22.445850] cloud-init[1604]: Cloud-init v. 18.5-45-g3554ffe8-0ubuntu1~16.04.1 finished at Fri, 10 May 2019 10:05:15 +0000. Datasource DataSourceNoCloud [seed=/dev/sdb][dsmode=net].  Up 22.43 seconds
